2021-05-10 15:20:51.147  INFO 17660 --- [main] c.example.demo.SareetaApplicationTests   : Starting SareetaApplicationTests on ndirangu-Pc with PID 17660 (started by ndirangu in /home/ndirangu/projects/spring/udacity/nd035-c4-Security-and-DevOps/starter_code)
2021-05-10 15:20:51.152  INFO 17660 --- [main] c.example.demo.SareetaApplicationTests   : No active profile set, falling back to default profiles: default
2021-05-10 15:20:52.973  INFO 17660 --- [main] .s.d.r.c.RepositoryConfigurationDelegate : Bootstrapping Spring Data repositories in DEFAULT mode.
2021-05-10 15:20:53.131  INFO 17660 --- [main] .s.d.r.c.RepositoryConfigurationDelegate : Finished Spring Data repository scanning in 117ms. Found 4 repository interfaces.
2021-05-10 15:20:54.089  INFO 17660 --- [main] trationDelegate$BeanPostProcessorChecker : Bean 'org.springframework.transaction.annotation.ProxyTransactionManagementConfiguration' of type [org.springframework.transaction.annotation.ProxyTransactionManagementConfiguration$$EnhancerBySpringCGLIB$$c422c545] is not eligible for getting processed by all BeanPostProcessors (for example: not eligible for auto-proxying)
2021-05-10 15:20:54.488  INFO 17660 --- [main] com.zaxxer.hikari.HikariDataSource       : HikariPool-1 - Starting...
2021-05-10 15:20:54.839  INFO 17660 --- [main] com.zaxxer.hikari.HikariDataSource       : HikariPool-1 - Start completed.
2021-05-10 15:20:55.005  INFO 17660 --- [main] o.hibernate.jpa.internal.util.LogHelper  : HHH000204: Processing PersistenceUnitInfo [
	name: default
	...]
2021-05-10 15:20:55.296  INFO 17660 --- [main] org.hibernate.Version                    : HHH000412: Hibernate Core {5.3.10.Final}
2021-05-10 15:20:55.302  INFO 17660 --- [main] org.hibernate.cfg.Environment            : HHH000206: hibernate.properties not found
2021-05-10 15:20:55.698  INFO 17660 --- [main] o.hibernate.annotations.common.Version   : HCANN000001: Hibernate Commons Annotations {5.0.4.Final}
2021-05-10 15:20:55.987  INFO 17660 --- [main] org.hibernate.dialect.Dialect            : HHH000400: Using dialect: org.hibernate.dialect.H2Dialect
2021-05-10 15:20:57.312  INFO 17660 --- [main] j.LocalContainerEntityManagerFactoryBean : Initialized JPA EntityManagerFactory for persistence unit 'default'
2021-05-10 15:20:58.286  WARN 17660 --- [main] aWebConfiguration$JpaWebMvcConfiguration : spring.jpa.open-in-view is enabled by default. Therefore, database queries may be performed during view rendering. Explicitly configure spring.jpa.open-in-view to disable this warning
2021-05-10 15:20:58.423  INFO 17660 --- [main] o.s.s.web.DefaultSecurityFilterChain     : Creating filter chain: any request, [org.springframework.security.web.context.request.async.WebAsyncManagerIntegrationFilter@38f63756, org.springframework.security.web.context.SecurityContextPersistenceFilter@1e6bd367, org.springframework.security.web.header.HeaderWriterFilter@2a5efbb9, org.springframework.web.filter.CorsFilter@3d7caf9c, org.springframework.security.web.authentication.logout.LogoutFilter@5cf3a7f9, com.example.demo.security.JWTAuthenticationFilter@4e26040f, com.example.demo.security.JWTAuthenticationVerificationFilter@1782896, org.springframework.security.web.savedrequest.RequestCacheAwareFilter@5b2c7186, org.springframework.security.web.servletapi.SecurityContextHolderAwareRequestFilter@5ddf5118, org.springframework.security.web.authentication.AnonymousAuthenticationFilter@8bde368, org.springframework.security.web.session.SessionManagementFilter@73e93c3a, org.springframework.security.web.access.ExceptionTranslationFilter@4e789704, org.springframework.security.web.access.intercept.FilterSecurityInterceptor@30437e9c]
2021-05-10 15:20:58.858  INFO 17660 --- [main] o.s.s.concurrent.ThreadPoolTaskExecutor  : Initializing ExecutorService 'applicationTaskExecutor'
2021-05-10 15:20:59.126  INFO 17660 --- [main] c.example.demo.SareetaApplicationTests   : Started SareetaApplicationTests in 8.806 seconds (JVM running for 12.543)
2021-05-10 15:20:59.727  INFO 17660 --- [main] o.s.mock.web.MockServletContext          : Initializing Spring TestDispatcherServlet ''
2021-05-10 15:20:59.728  INFO 17660 --- [main] o.s.t.web.servlet.TestDispatcherServlet  : Initializing Servlet ''
2021-05-10 15:20:59.728  INFO 17660 --- [main] o.s.t.web.servlet.TestDispatcherServlet  : Completed initialization in 0 ms
2021-05-10 15:20:59.730  INFO 17660 --- [main] c.e.demo.controllers.UserController      : User is: Optional[com.example.demo.model.persistence.User@32bae609]
2021-05-10 15:20:59.784  INFO 17660 --- [main] c.e.demo.controllers.UserController      : User is: Optional[com.example.demo.model.persistence.User@32bae609]
2021-05-10 15:20:59.906  INFO 17660 --- [main] o.s.mock.web.MockServletContext          : Initializing Spring TestDispatcherServlet ''
2021-05-10 15:20:59.906  INFO 17660 --- [main] o.s.t.web.servlet.TestDispatcherServlet  : Initializing Servlet ''
2021-05-10 15:20:59.906  INFO 17660 --- [main] o.s.t.web.servlet.TestDispatcherServlet  : Completed initialization in 0 ms
2021-05-10 15:20:59.932  INFO 17660 --- [main] o.s.mock.web.MockServletContext          : Initializing Spring TestDispatcherServlet ''
2021-05-10 15:20:59.933  INFO 17660 --- [main] o.s.t.web.servlet.TestDispatcherServlet  : Initializing Servlet ''
2021-05-10 15:20:59.933  INFO 17660 --- [main] o.s.t.web.servlet.TestDispatcherServlet  : Completed initialization in 0 ms
2021-05-10 15:20:59.934  INFO 17660 --- [main] c.e.demo.controllers.UserController      : User created
2021-05-10 15:20:59.953  INFO 17660 --- [Thread-2] o.s.s.concurrent.ThreadPoolTaskExecutor  : Shutting down ExecutorService 'applicationTaskExecutor'
2021-05-10 15:20:59.956  INFO 17660 --- [Thread-2] j.LocalContainerEntityManagerFactoryBean : Closing JPA EntityManagerFactory for persistence unit 'default'
2021-05-10 15:20:59.959  INFO 17660 --- [Thread-2] com.zaxxer.hikari.HikariDataSource       : HikariPool-1 - Shutdown initiated...
2021-05-10 15:20:59.970  INFO 17660 --- [Thread-2] com.zaxxer.hikari.HikariDataSource       : HikariPool-1 - Shutdown completed.
2021-05-10 15:21:41.275  INFO 17779 --- [main] com.example.demo.SareetaApplication      : Starting SareetaApplication on ndirangu-Pc with PID 17779 (/home/ndirangu/projects/spring/udacity/nd035-c4-Security-and-DevOps/starter_code/target/classes started by ndirangu in /home/ndirangu/projects/spring/udacity/nd035-c4-Security-and-DevOps/starter_code)
2021-05-10 15:21:41.277  INFO 17779 --- [main] com.example.demo.SareetaApplication      : No active profile set, falling back to default profiles: default
2021-05-10 15:21:41.678  INFO 17779 --- [main] .s.d.r.c.RepositoryConfigurationDelegate : Bootstrapping Spring Data repositories in DEFAULT mode.
2021-05-10 15:21:41.740  INFO 17779 --- [main] .s.d.r.c.RepositoryConfigurationDelegate : Finished Spring Data repository scanning in 55ms. Found 4 repository interfaces.
2021-05-10 15:21:42.143  INFO 17779 --- [main] trationDelegate$BeanPostProcessorChecker : Bean 'org.springframework.transaction.annotation.ProxyTransactionManagementConfiguration' of type [org.springframework.transaction.annotation.ProxyTransactionManagementConfiguration$$EnhancerBySpringCGLIB$$47868069] is not eligible for getting processed by all BeanPostProcessors (for example: not eligible for auto-proxying)
2021-05-10 15:21:42.480  INFO 17779 --- [main] o.s.b.w.embedded.tomcat.TomcatWebServer  : Tomcat initialized with port(s): 8080 (http)
2021-05-10 15:21:42.565  INFO 17779 --- [main] o.apache.catalina.core.StandardService   : Starting service [Tomcat]
2021-05-10 15:21:42.565  INFO 17779 --- [main] org.apache.catalina.core.StandardEngine  : Starting Servlet engine: [Apache Tomcat/9.0.19]
2021-05-10 15:21:42.725  INFO 17779 --- [main] o.a.c.c.C.[Tomcat].[localhost].[/]       : Initializing Spring embedded WebApplicationContext
2021-05-10 15:21:42.726  INFO 17779 --- [main] o.s.web.context.ContextLoader            : Root WebApplicationContext: initialization completed in 1417 ms
2021-05-10 15:21:42.857  INFO 17779 --- [main] com.zaxxer.hikari.HikariDataSource       : HikariPool-1 - Starting...
2021-05-10 15:21:42.915  INFO 17779 --- [main] com.zaxxer.hikari.HikariDataSource       : HikariPool-1 - Start completed.
2021-05-10 15:21:42.949  INFO 17779 --- [main] o.hibernate.jpa.internal.util.LogHelper  : HHH000204: Processing PersistenceUnitInfo [
	name: default
	...]
2021-05-10 15:21:42.980  INFO 17779 --- [main] org.hibernate.Version                    : HHH000412: Hibernate Core {5.3.10.Final}
2021-05-10 15:21:42.982  INFO 17779 --- [main] org.hibernate.cfg.Environment            : HHH000206: hibernate.properties not found
2021-05-10 15:21:43.042  INFO 17779 --- [main] o.hibernate.annotations.common.Version   : HCANN000001: Hibernate Commons Annotations {5.0.4.Final}
2021-05-10 15:21:43.110  INFO 17779 --- [main] org.hibernate.dialect.Dialect            : HHH000400: Using dialect: org.hibernate.dialect.H2Dialect
2021-05-10 15:21:43.571  INFO 17779 --- [main] j.LocalContainerEntityManagerFactoryBean : Initialized JPA EntityManagerFactory for persistence unit 'default'
2021-05-10 15:21:44.083  WARN 17779 --- [main] aWebConfiguration$JpaWebMvcConfiguration : spring.jpa.open-in-view is enabled by default. Therefore, database queries may be performed during view rendering. Explicitly configure spring.jpa.open-in-view to disable this warning
2021-05-10 15:21:44.136  INFO 17779 --- [main] o.s.s.web.DefaultSecurityFilterChain     : Creating filter chain: any request, [org.springframework.security.web.context.request.async.WebAsyncManagerIntegrationFilter@74a03bd5, org.springframework.security.web.context.SecurityContextPersistenceFilter@1ab85862, org.springframework.security.web.header.HeaderWriterFilter@9cb927e, org.springframework.web.filter.CorsFilter@87fc0fc, org.springframework.security.web.authentication.logout.LogoutFilter@33e4068, com.example.demo.security.JWTAuthenticationFilter@671f545b, com.example.demo.security.JWTAuthenticationVerificationFilter@c335b9, org.springframework.security.web.savedrequest.RequestCacheAwareFilter@6c9e74f3, org.springframework.security.web.servletapi.SecurityContextHolderAwareRequestFilter@3c6b300a, org.springframework.security.web.authentication.AnonymousAuthenticationFilter@75c8d8e7, org.springframework.security.web.session.SessionManagementFilter@1325f967, org.springframework.security.web.access.ExceptionTranslationFilter@11b14ae3, org.springframework.security.web.access.intercept.FilterSecurityInterceptor@54d2f5d3]
2021-05-10 15:21:44.238  INFO 17779 --- [main] o.s.s.concurrent.ThreadPoolTaskExecutor  : Initializing ExecutorService 'applicationTaskExecutor'
2021-05-10 15:21:44.390  INFO 17779 --- [main] o.s.b.w.embedded.tomcat.TomcatWebServer  : Tomcat started on port(s): 8080 (http) with context path ''
2021-05-10 15:21:44.391  INFO 17779 --- [main] com.example.demo.SareetaApplication      : Started SareetaApplication in 3.327 seconds (JVM running for 4.642)
2021-05-10 15:25:59.870  INFO 17779 --- [http-nio-8080-exec-2] o.a.c.c.C.[Tomcat].[localhost].[/]       : Initializing Spring DispatcherServlet 'dispatcherServlet'
2021-05-10 15:25:59.893  INFO 17779 --- [http-nio-8080-exec-2] o.s.web.servlet.DispatcherServlet        : Initializing Servlet 'dispatcherServlet'
2021-05-10 15:25:59.903  INFO 17779 --- [http-nio-8080-exec-2] o.s.web.servlet.DispatcherServlet        : Completed initialization in 10 ms
2021-05-10 15:26:01.071 ERROR 17779 --- [http-nio-8080-exec-2] c.e.demo.controllers.UserController      : Weak password
2021-05-10 15:26:34.335  INFO 17779 --- [http-nio-8080-exec-4] c.e.demo.controllers.UserController      : User created
2021-05-10 15:27:12.552  INFO 17779 --- [http-nio-8080-exec-5] o.h.h.i.QueryTranslatorFactoryInitiator  : HHH000397: Using ASTQueryTranslatorFactory
2021-05-10 15:28:07.641  INFO 17779 --- [http-nio-8080-exec-6] c.e.demo.controllers.UserController      : User is: Optional[com.example.demo.model.persistence.User@66247d3]
2021-05-10 15:28:09.331  INFO 17779 --- [http-nio-8080-exec-7] c.e.demo.controllers.UserController      : User is: Optional[com.example.demo.model.persistence.User@67ae9215]
2021-05-10 15:28:10.247  INFO 17779 --- [http-nio-8080-exec-8] c.e.demo.controllers.UserController      : User is: Optional[com.example.demo.model.persistence.User@2057b5b7]
2021-05-10 15:28:10.946  INFO 17779 --- [http-nio-8080-exec-9] c.e.demo.controllers.UserController      : User is: Optional[com.example.demo.model.persistence.User@2971a387]
2021-05-10 15:28:11.565  INFO 17779 --- [http-nio-8080-exec-10] c.e.demo.controllers.UserController      : User is: Optional[com.example.demo.model.persistence.User@5583d664]
2021-05-10 15:28:12.301  INFO 17779 --- [http-nio-8080-exec-1] c.e.demo.controllers.UserController      : User is: Optional[com.example.demo.model.persistence.User@419d92c2]
2021-05-10 15:28:13.037  INFO 17779 --- [http-nio-8080-exec-2] c.e.demo.controllers.UserController      : User is: Optional[com.example.demo.model.persistence.User@5de9b8c5]
2021-05-10 15:28:13.557  INFO 17779 --- [http-nio-8080-exec-3] c.e.demo.controllers.UserController      : User is: Optional[com.example.demo.model.persistence.User@14dfe896]
2021-05-10 15:28:14.015  INFO 17779 --- [http-nio-8080-exec-4] c.e.demo.controllers.UserController      : User is: Optional[com.example.demo.model.persistence.User@535e0b96]
2021-05-10 15:28:14.644  INFO 17779 --- [http-nio-8080-exec-5] c.e.demo.controllers.UserController      : User is: Optional[com.example.demo.model.persistence.User@7ed5f439]
2021-05-10 15:28:15.077  INFO 17779 --- [http-nio-8080-exec-6] c.e.demo.controllers.UserController      : User is: Optional[com.example.demo.model.persistence.User@2b0b9971]
2021-05-10 15:28:17.324  INFO 17779 --- [http-nio-8080-exec-7] c.e.demo.controllers.UserController      : User is: Optional[com.example.demo.model.persistence.User@3bc40db8]
2021-05-10 15:28:17.903  INFO 17779 --- [http-nio-8080-exec-8] c.e.demo.controllers.UserController      : User is: Optional[com.example.demo.model.persistence.User@217ea8a0]
2021-05-10 15:28:18.414  INFO 17779 --- [http-nio-8080-exec-9] c.e.demo.controllers.UserController      : User is: Optional[com.example.demo.model.persistence.User@3e1df007]
2021-05-10 15:28:18.912  INFO 17779 --- [http-nio-8080-exec-10] c.e.demo.controllers.UserController      : User is: Optional[com.example.demo.model.persistence.User@8e82f74]
2021-05-10 15:28:19.443  INFO 17779 --- [http-nio-8080-exec-1] c.e.demo.controllers.UserController      : User is: Optional[com.example.demo.model.persistence.User@2601a1ec]
2021-05-10 15:28:20.028  INFO 17779 --- [http-nio-8080-exec-2] c.e.demo.controllers.UserController      : User is: Optional[com.example.demo.model.persistence.User@60c22324]
2021-05-10 15:28:38.548  INFO 17779 --- [Thread-3] o.s.s.concurrent.ThreadPoolTaskExecutor  : Shutting down ExecutorService 'applicationTaskExecutor'
2021-05-10 15:28:38.567  INFO 17779 --- [Thread-3] j.LocalContainerEntityManagerFactoryBean : Closing JPA EntityManagerFactory for persistence unit 'default'
2021-05-10 15:28:38.597  INFO 17779 --- [Thread-3] com.zaxxer.hikari.HikariDataSource       : HikariPool-1 - Shutdown initiated...
2021-05-10 15:28:38.641  INFO 17779 --- [Thread-3] com.zaxxer.hikari.HikariDataSource       : HikariPool-1 - Shutdown completed.
2021-05-10 20:42:15.470  INFO 31380 --- [main] com.example.demo.SareetaApplication      : Starting SareetaApplication on ndirangu-Pc with PID 31380 (/home/ndirangu/projects/spring/udacity/nd035-c4-Security-and-DevOps/starter_code/target/classes started by ndirangu in /home/ndirangu/projects/spring/udacity/nd035-c4-Security-and-DevOps/starter_code)
2021-05-10 20:42:15.478  INFO 31380 --- [main] com.example.demo.SareetaApplication      : No active profile set, falling back to default profiles: default
2021-05-10 20:42:18.196  INFO 31380 --- [main] .s.d.r.c.RepositoryConfigurationDelegate : Bootstrapping Spring Data repositories in DEFAULT mode.
2021-05-10 20:42:18.345  INFO 31380 --- [main] .s.d.r.c.RepositoryConfigurationDelegate : Finished Spring Data repository scanning in 113ms. Found 4 repository interfaces.
2021-05-10 20:42:19.086  INFO 31380 --- [main] trationDelegate$BeanPostProcessorChecker : Bean 'org.springframework.transaction.annotation.ProxyTransactionManagementConfiguration' of type [org.springframework.transaction.annotation.ProxyTransactionManagementConfiguration$$EnhancerBySpringCGLIB$$a6d2ff1] is not eligible for getting processed by all BeanPostProcessors (for example: not eligible for auto-proxying)
2021-05-10 20:42:19.494  INFO 31380 --- [main] o.s.b.w.embedded.tomcat.TomcatWebServer  : Tomcat initialized with port(s): 8080 (http)
2021-05-10 20:42:19.543  INFO 31380 --- [main] o.apache.catalina.core.StandardService   : Starting service [Tomcat]
2021-05-10 20:42:19.543  INFO 31380 --- [main] org.apache.catalina.core.StandardEngine  : Starting Servlet engine: [Apache Tomcat/9.0.19]
2021-05-10 20:42:19.732  INFO 31380 --- [main] o.a.c.c.C.[Tomcat].[localhost].[/]       : Initializing Spring embedded WebApplicationContext
2021-05-10 20:42:19.732  INFO 31380 --- [main] o.s.web.context.ContextLoader            : Root WebApplicationContext: initialization completed in 3670 ms
2021-05-10 20:42:20.043  INFO 31380 --- [main] com.zaxxer.hikari.HikariDataSource       : HikariPool-1 - Starting...
2021-05-10 20:42:20.287  INFO 31380 --- [main] com.zaxxer.hikari.HikariDataSource       : HikariPool-1 - Start completed.
2021-05-10 20:42:20.415  INFO 31380 --- [main] o.hibernate.jpa.internal.util.LogHelper  : HHH000204: Processing PersistenceUnitInfo [
	name: default
	...]
2021-05-10 20:42:20.635  INFO 31380 --- [main] org.hibernate.Version                    : HHH000412: Hibernate Core {5.3.10.Final}
2021-05-10 20:42:20.637  INFO 31380 --- [main] org.hibernate.cfg.Environment            : HHH000206: hibernate.properties not found
2021-05-10 20:42:21.040  INFO 31380 --- [main] o.hibernate.annotations.common.Version   : HCANN000001: Hibernate Commons Annotations {5.0.4.Final}
2021-05-10 20:42:21.299  INFO 31380 --- [main] org.hibernate.dialect.Dialect            : HHH000400: Using dialect: org.hibernate.dialect.H2Dialect
2021-05-10 20:42:22.382  INFO 31380 --- [main] j.LocalContainerEntityManagerFactoryBean : Initialized JPA EntityManagerFactory for persistence unit 'default'
2021-05-10 20:42:23.028  WARN 31380 --- [main] aWebConfiguration$JpaWebMvcConfiguration : spring.jpa.open-in-view is enabled by default. Therefore, database queries may be performed during view rendering. Explicitly configure spring.jpa.open-in-view to disable this warning
2021-05-10 20:42:23.086  INFO 31380 --- [main] o.s.s.web.DefaultSecurityFilterChain     : Creating filter chain: any request, [org.springframework.security.web.context.request.async.WebAsyncManagerIntegrationFilter@3093b9ff, org.springframework.security.web.context.SecurityContextPersistenceFilter@2b1a1a37, org.springframework.security.web.header.HeaderWriterFilter@5fd4e67f, org.springframework.web.filter.CorsFilter@220be130, org.springframework.security.web.authentication.logout.LogoutFilter@2b6ee447, com.example.demo.security.JWTAuthenticationFilter@379b4e86, com.example.demo.security.JWTAuthenticationVerificationFilter@5f4df55e, org.springframework.security.web.savedrequest.RequestCacheAwareFilter@6843fdc4, org.springframework.security.web.servletapi.SecurityContextHolderAwareRequestFilter@46a97805, org.springframework.security.web.authentication.AnonymousAuthenticationFilter@72bce309, org.springframework.security.web.session.SessionManagementFilter@3855b27e, org.springframework.security.web.access.ExceptionTranslationFilter@70cd122, org.springframework.security.web.access.intercept.FilterSecurityInterceptor@3a239dac]
2021-05-10 20:42:23.218  INFO 31380 --- [main] o.s.s.concurrent.ThreadPoolTaskExecutor  : Initializing ExecutorService 'applicationTaskExecutor'
2021-05-10 20:42:23.397  INFO 31380 --- [main] o.s.b.w.embedded.tomcat.TomcatWebServer  : Tomcat started on port(s): 8080 (http) with context path ''
2021-05-10 20:42:23.399  INFO 31380 --- [main] com.example.demo.SareetaApplication      : Started SareetaApplication in 9.017 seconds (JVM running for 11.197)
2021-05-10 20:44:13.037  INFO 31380 --- [http-nio-8080-exec-1] o.a.c.c.C.[Tomcat].[localhost].[/]       : Initializing Spring DispatcherServlet 'dispatcherServlet'
2021-05-10 20:44:13.037  INFO 31380 --- [http-nio-8080-exec-1] o.s.web.servlet.DispatcherServlet        : Initializing Servlet 'dispatcherServlet'
2021-05-10 20:44:13.043  INFO 31380 --- [http-nio-8080-exec-1] o.s.web.servlet.DispatcherServlet        : Completed initialization in 6 ms
2021-05-10 20:44:13.596  WARN 31380 --- [http-nio-8080-exec-1] .w.s.m.s.DefaultHandlerExceptionResolver : Resolved [org.springframework.web.HttpRequestMethodNotSupportedException: Request method 'PUT' not supported]
2021-05-10 20:44:25.024  INFO 31380 --- [http-nio-8080-exec-3] c.e.demo.controllers.UserController      : User created
2021-05-10 20:44:30.582  INFO 31380 --- [http-nio-8080-exec-4] o.h.h.i.QueryTranslatorFactoryInitiator  : HHH000397: Using ASTQueryTranslatorFactory
2021-05-10 20:45:08.977 ERROR 31380 --- [http-nio-8080-exec-5] c.e.demo.controllers.UserController      : Weak password
2021-05-10 20:45:33.320  INFO 31380 --- [http-nio-8080-exec-6] c.e.demo.controllers.UserController      : User is: Optional[com.example.demo.model.persistence.User@36c693e3]
2021-05-10 20:46:59.209  WARN 31380 --- [http-nio-8080-exec-10] .w.s.m.s.DefaultHandlerExceptionResolver : Resolved [org.springframework.web.HttpRequestMethodNotSupportedException: Request method 'GET' not supported]
2021-05-10 20:47:25.072 ERROR 31380 --- [http-nio-8080-exec-2] c.e.demo.controllers.OrderController     : User with username dauddi not found
2021-05-10 20:47:30.309 ERROR 31380 --- [http-nio-8080-exec-1] c.e.demo.controllers.OrderController     : User with username dauddi not found
2021-05-10 20:47:39.705 ERROR 31380 --- [http-nio-8080-exec-3] c.e.demo.controllers.OrderController     : User with username kevo not found
2021-05-10 20:47:47.847  INFO 31380 --- [Thread-3] o.s.s.concurrent.ThreadPoolTaskExecutor  : Shutting down ExecutorService 'applicationTaskExecutor'
2021-05-10 20:47:47.854  INFO 31380 --- [Thread-3] j.LocalContainerEntityManagerFactoryBean : Closing JPA EntityManagerFactory for persistence unit 'default'
2021-05-10 20:47:47.859  INFO 31380 --- [Thread-3] com.zaxxer.hikari.HikariDataSource       : HikariPool-1 - Shutdown initiated...
2021-05-10 20:47:47.865  INFO 31380 --- [Thread-3] com.zaxxer.hikari.HikariDataSource       : HikariPool-1 - Shutdown completed.
